<?xml version="1.0" encoding="UTF-8" ?>
<testsuite failures="0" time="3.299" errors="0" skipped="0" tests="4" name="com.plec.wikipedia.test.SolrTest">
  <properties>
[...]
</properties>
  <testcase time="1.242" classname="com.plec.wikipedia.test.SolrTest" name="testSearchRome"/>
  <testcase time="0.01" classname="com.plec.wikipedia.test.SolrTest" name="testSearchAll"/>
  <testcase time="2.038" classname="com.plec.wikipedia.test.SolrTest" name="testFailedAccessSolr"/>
  <testcase time="0" classname="com.plec.wikipedia.test.SolrTest" name="testAccessSolr"/>
</testsuite>